Arguments: 
  C:\Program Files\nodejs\node.exe C:\Users\Amohamed\AppData\Roaming\npm\node_modules\yarn\bin\yarn.js add gulp --save-dev

PATH: 
  C:\Windows\system32;C:\Windows;C:\Windows\System32\Wbem;C:\Windows\System32\WindowsPowerShell\v1.0\;C:\Windows\System32\OpenSSH\;C:\Program Files\nodejs\;C:\Program Files (x86)\Pulse Secure\VC142.CRT\X64\;C:\Program Files (x86)\Pulse Secure\VC142.CRT\X86\;C:\Program Files (x86)\Sennheiser\SenncomSDK\;C:\Users\Amohamed\AppData\Local\Microsoft\WindowsApps;C:\Users\Amohamed\AppData\Local\Programs\Microsoft VS Code\bin;C:\Users\Amohamed\AppData\Roaming\npm;C:\Users\Amohamed\AppData\Local\Programs\Git\cmd;C:\Users\Amohamed\AppData\Local\GitHubDesktop\bin;C:\Users\Amohamed\AppData\Local\atom\bin

Yarn version: 
  1.22.10

Node version: 
  14.16.0

Platform: 
  win32 x64

Trace: 
  Error: getaddrinfo ENOTFOUND registry.yarnpkg.com
      at GetAddrInfoReqWrap.onlookup [as oncomplete] (dns.js:67:26)

npm manifest: 
  {
    "name": "nagwa-task",
    "version": "1.0.0",
    "description": "Nagwa UI Task",
    "main": "index.js",
    "repository": "https://github.com/developmentPlatformOne/NagwaTask",
    "author": "Abdelmonem Salem",
    "license": "MIT"
  }

yarn manifest: 
  No manifest

Lockfile: 
  No lockfile
